/*C3*/SET SCHEMA PUBLIC
DELETE FROM "mendixsystem$version" WHERE "versionnumber"='4.2'
INSERT INTO "mendixsystem$version" VALUES('4.2','2021-03-12 15:19:16.222000','4.1.0','unversioned','LearnNow Management5','8.18.2.16256')
COMMIT
/*C4*/SET SCHEMA PUBLIC
DELETE FROM "mendixsystem$entityidentifier" WHERE "id"='d4154981-8dac-4150-aec5-efa3ef62a7a2'
INSERT INTO "mendixsystem$entityidentifier" VALUES('d4154981-8dac-4150-aec5-efa3ef62a7a2',3,1101)
COMMIT
INSERT INTO "system$xasinstance" VALUES(844424930132969,'82427760-fe2c-4c35-8a07-855773a91e34','2021-03-20 06:15:15.630000','2021-03-20 06:15:15.643000',NULL,NULL,NULL)
COMMIT
DELETE FROM "system$userrole" WHERE "id"=4503599627370497
INSERT INTO "system$userrole" VALUES(4503599627370497,'8dd52bfa-6d7e-453b-b506-303c0a3d9567','','Administrator')
DELETE FROM "system$userrole" WHERE "id"=4503599627370597
INSERT INTO "system$userrole" VALUES(4503599627370597,'4de398a0-5c67-4c81-86c7-66dc63f635fb','','Trainee')
DELETE FROM "system$userrole" WHERE "id"=4503599627370498
INSERT INTO "system$userrole" VALUES(4503599627370498,'53f5d6fa-6da9-4a71-b011-454ec052cce8','','Teacher')
COMMIT
/*C5*/SET SCHEMA PUBLIC
DELETE FROM "system$user" WHERE "id"=5348024557502465
INSERT INTO "system$user" VALUES(5348024557502465,'2021-03-12 12:20:51.722000',TRUE,'2021-03-12 12:20:51.722000','2021-03-16 10:09:53.362000',FALSE,FALSE,0,FALSE,'demo_administrator','{BCrypt}$2a$10$t65MOojaW4VHpJOASRKZ.ekUUvvTbPA3W99h0K4wwqTyU2twMKYaO','Administration.Account',NULL,5348024557502465)
COMMIT
DELETE FROM "system$user" WHERE "id"=5348024557502466
INSERT INTO "system$user" VALUES(5348024557502466,'2021-03-12 12:20:52.023000',TRUE,'2021-03-12 12:20:52.023000','2021-03-16 10:09:29.794000',FALSE,FALSE,0,FALSE,'demo_Teacher','{BCrypt}$2a$10$e8JtPRgqjTOcdVB4chfLjOW9K5rQ3u8z7./HHSMi2ok0poAwsjm.i','Administration.Account',NULL,5348024557502466)
COMMIT
DELETE FROM "system$user" WHERE "id"=281474976711157
INSERT INTO "system$user" VALUES(281474976711157,'2021-03-12 12:20:52.213000',TRUE,'2021-03-12 12:20:52.213000','2021-03-16 10:11:28.235000',FALSE,FALSE,0,FALSE,'demo_trainee','{BCrypt}$2a$10$onhBGL3Vnfr7bA74b8fQx.cKZiaisWE9LJjdh4FrFhsV6s8cbUDT2','System.User',NULL,281474976711157)
COMMIT
DELETE FROM "mendixsystem$properties" WHERE "key"='Mendix.Runtime.DeploymentID'
INSERT INTO "mendixsystem$properties" VALUES('Mendix.Runtime.DeploymentID','637518374696802323')
COMMIT
/*C3*/DELETE FROM "system$xasinstance" WHERE "id"=844424930132969
INSERT INTO "system$xasinstance" VALUES(844424930132969,'82427760-fe2c-4c35-8a07-855773a91e34','2021-03-20 06:15:15.630000','2021-03-20 06:15:19.759000',NULL,NULL,NULL)
COMMIT
/*C6*/SET SCHEMA PUBLIC
DELETE FROM "system$user" WHERE "id"=281474976711158
INSERT INTO "system$user" VALUES(281474976711158,'2021-03-12 12:20:55.497000',TRUE,'2021-03-12 12:20:55.497000','2021-03-16 10:07:58.591000',FALSE,FALSE,0,FALSE,'MxAdmin','{BCrypt}$2a$10$Dyl.kN/UOZ0fb28paRJjROVbyjOEfswu7AK2rlqMPFriGZvjjr5QC','System.User',NULL,281474976711158)
COMMIT
DELETE FROM "system$user" WHERE "id"=281474976711158
INSERT INTO "system$user" VALUES(281474976711158,'2021-03-12 12:20:55.497000',TRUE,'2021-03-12 12:20:55.497000','2021-03-20 06:16:51.158000',FALSE,FALSE,0,FALSE,'MxAdmin','{BCrypt}$2a$10$Dyl.kN/UOZ0fb28paRJjROVbyjOEfswu7AK2rlqMPFriGZvjjr5QC','System.User',NULL,281474976711158)
COMMIT
/*C5*/DELETE FROM "mendixsystem$entityidentifier" WHERE "id"='37f9fd49-5318-4c63-9a51-f761779b202f'
INSERT INTO "mendixsystem$entityidentifier" VALUES('37f9fd49-5318-4c63-9a51-f761779b202f',32,1001)
COMMIT
INSERT INTO "system$session" VALUES(9007199254741893,NULL,'cacf8ba7-0edc-4e5a-8754-c81b84034f1a','2021-03-20 06:16:51.224000','f0fb353b-82ec-405d-a62a-1eeec0622e86','2021-03-20 06:16:51.226000','22b02727-d9c0-420a-97e8-f6dbd3434533')
INSERT INTO "system$session_user" VALUES(9007199254741893,281474976711158)
COMMIT
/*C6*/DELETE FROM "system$session" WHERE "id"=9007199254741893
INSERT INTO "system$session" VALUES(9007199254741893,NULL,'cacf8ba7-0edc-4e5a-8754-c81b84034f1a','2021-03-20 06:16:51.224000','f0fb353b-82ec-405d-a62a-1eeec0622e86','2021-03-20 06:16:52.490000','22b02727-d9c0-420a-97e8-f6dbd3434533')
COMMIT
DELETE FROM "system$session" WHERE "id"=9007199254741893
INSERT INTO "system$session" VALUES(9007199254741893,NULL,'cacf8ba7-0edc-4e5a-8754-c81b84034f1a','2021-03-20 06:16:51.224000','f0fb353b-82ec-405d-a62a-1eeec0622e86','2021-03-20 06:19:05.462000','22b02727-d9c0-420a-97e8-f6dbd3434533')
COMMIT
DELETE FROM "system$xasinstance" WHERE "id"=844424930132969
INSERT INTO "system$xasinstance" VALUES(844424930132969,'82427760-fe2c-4c35-8a07-855773a91e34','2021-03-20 06:15:15.630000','2021-03-20 06:20:20.013000',NULL,NULL,NULL)
COMMIT
DELETE FROM "mendixsystem$entityidentifier" WHERE "id"='c1085db5-0f0e-45ca-b84f-1f291faae384'
INSERT INTO "mendixsystem$entityidentifier" VALUES('c1085db5-0f0e-45ca-b84f-1f291faae384',5,501)
COMMIT
DELETE FROM "system$session" WHERE "id"=9007199254741893
INSERT INTO "system$session" VALUES(9007199254741893,NULL,'cacf8ba7-0edc-4e5a-8754-c81b84034f1a','2021-03-20 06:16:51.224000','f0fb353b-82ec-405d-a62a-1eeec0622e86','2021-03-20 06:21:54.171000','22b02727-d9c0-420a-97e8-f6dbd3434533')
COMMIT
INSERT INTO "myfirstmodule$course" VALUES(1407374883553681,'2021-03-20 06:22:04.116000','This course for 1month','2021-03-20 06:20:40.617000',8000.00000000,'Python',1,281474976711158,281474976711158)
COMMIT
DELETE FROM "mendixsystem$entityidentifier" WHERE "id"='57d3381c-ad3b-419d-8441-10eed3bb568f'
INSERT INTO "mendixsystem$entityidentifier" VALUES('57d3381c-ad3b-419d-8441-10eed3bb568f',7,701)
COMMIT
DELETE FROM "system$session" WHERE "id"=9007199254741893
INSERT INTO "system$session" VALUES(9007199254741893,NULL,'cacf8ba7-0edc-4e5a-8754-c81b84034f1a','2021-03-20 06:16:51.224000','f0fb353b-82ec-405d-a62a-1eeec0622e86','2021-03-20 06:22:55.516000','22b02727-d9c0-420a-97e8-f6dbd3434533')
COMMIT
/*C4*/DISCONNECT
/*C6*/DELETE FROM "system$session" WHERE "id"=9007199254741893
INSERT INTO "system$session" VALUES(9007199254741893,NULL,'cacf8ba7-0edc-4e5a-8754-c81b84034f1a','2021-03-20 06:16:51.224000','f0fb353b-82ec-405d-a62a-1eeec0622e86','2021-03-20 06:24:10.713000','22b02727-d9c0-420a-97e8-f6dbd3434533')
COMMIT
DELETE FROM "system$xasinstance" WHERE "id"=844424930132969
INSERT INTO "system$xasinstance" VALUES(844424930132969,'82427760-fe2c-4c35-8a07-855773a91e34','2021-03-20 06:15:15.630000','2021-03-20 06:25:20.037000',NULL,NULL,NULL)
COMMIT
/*C5*/DELETE FROM "myfirstmodule$course" WHERE "id"=1407374883553281
INSERT INTO "myfirstmodule$course" VALUES(1407374883553281,'2021-03-20 06:26:13.776000','Duration of the course on depends on the candidate','2021-03-12 08:00:14.622000',20000.00000000,'Java Developer',3,281474976710757,281474976711158)
COMMIT
DELETE FROM "system$session" WHERE "id"=9007199254741893
INSERT INTO "system$session" VALUES(9007199254741893,NULL,'cacf8ba7-0edc-4e5a-8754-c81b84034f1a','2021-03-20 06:16:51.224000','f0fb353b-82ec-405d-a62a-1eeec0622e86','2021-03-20 06:26:54.150000','22b02727-d9c0-420a-97e8-f6dbd3434533')
COMMIT
DELETE FROM "mendixsystem$entityidentifier" WHERE "id"='6d0e7068-948b-4290-ac37-b475a73db3ff'
INSERT INTO "mendixsystem$entityidentifier" VALUES('6d0e7068-948b-4290-ac37-b475a73db3ff',9,401)
COMMIT
DELETE FROM "system$session" WHERE "id"=9007199254741893
INSERT INTO "system$session" VALUES(9007199254741893,NULL,'cacf8ba7-0edc-4e5a-8754-c81b84034f1a','2021-03-20 06:16:51.224000','f0fb353b-82ec-405d-a62a-1eeec0622e86','2021-03-20 06:28:18.757000','22b02727-d9c0-420a-97e8-f6dbd3434533')
COMMIT
INSERT INTO "myfirstmodule$location" VALUES(2533274790396206,'2021-03-20 06:28:46.095000','2021-03-20 06:28:18.758000','nearer busstand','Delhi',281474976711158,281474976711158)
COMMIT
/*C6*/DELETE FROM "mendixsystem$entityidentifier" WHERE "id"='8f0faf37-9920-4ab4-89f9-77abcc76fdc1'
INSERT INTO "mendixsystem$entityidentifier" VALUES('8f0faf37-9920-4ab4-89f9-77abcc76fdc1',31,401)
COMMIT
/*C3*/DISCONNECT
/*C6*/DELETE FROM "system$session" WHERE "id"=9007199254741893
INSERT INTO "system$session" VALUES(9007199254741893,NULL,'cacf8ba7-0edc-4e5a-8754-c81b84034f1a','2021-03-20 06:16:51.224000','f0fb353b-82ec-405d-a62a-1eeec0622e86','2021-03-20 06:30:08.184000','22b02727-d9c0-420a-97e8-f6dbd3434533')
COMMIT
DELETE FROM "system$xasinstance" WHERE "id"=844424930132969
INSERT INTO "system$xasinstance" VALUES(844424930132969,'82427760-fe2c-4c35-8a07-855773a91e34','2021-03-20 06:15:15.630000','2021-03-20 06:30:20.051000',NULL,NULL,NULL)
COMMIT
/*C5*/DELETE FROM "system$session" WHERE "id"=9007199254741893
INSERT INTO "system$session" VALUES(9007199254741893,NULL,'cacf8ba7-0edc-4e5a-8754-c81b84034f1a','2021-03-20 06:16:51.224000','f0fb353b-82ec-405d-a62a-1eeec0622e86','2021-03-20 06:31:54.148000','22b02727-d9c0-420a-97e8-f6dbd3434533')
COMMIT
DELETE FROM "mendixsystem$entityidentifier" WHERE "id"='cb9a3098-5b39-4ab5-8654-4200836af10a'
INSERT INTO "mendixsystem$entityidentifier" VALUES('cb9a3098-5b39-4ab5-8654-4200836af10a',27,401)
COMMIT
/*C6*/DELETE FROM "system$session" WHERE "id"=9007199254741893
INSERT INTO "system$session" VALUES(9007199254741893,NULL,'cacf8ba7-0edc-4e5a-8754-c81b84034f1a','2021-03-20 06:16:51.224000','f0fb353b-82ec-405d-a62a-1eeec0622e86','2021-03-20 06:33:28.706000','22b02727-d9c0-420a-97e8-f6dbd3434533')
COMMIT
DELETE FROM "system$session" WHERE "id"=9007199254741893
INSERT INTO "system$session" VALUES(9007199254741893,NULL,'cacf8ba7-0edc-4e5a-8754-c81b84034f1a','2021-03-20 06:16:51.224000','f0fb353b-82ec-405d-a62a-1eeec0622e86','2021-03-20 06:34:26.569000','22b02727-d9c0-420a-97e8-f6dbd3434533')
COMMIT
DELETE FROM "system$xasinstance" WHERE "id"=844424930132969
INSERT INTO "system$xasinstance" VALUES(844424930132969,'82427760-fe2c-4c35-8a07-855773a91e34','2021-03-20 06:15:15.630000','2021-03-20 06:35:20.068000',NULL,NULL,NULL)
COMMIT
DELETE FROM "system$session" WHERE "id"=9007199254741893
INSERT INTO "system$session" VALUES(9007199254741893,NULL,'cacf8ba7-0edc-4e5a-8754-c81b84034f1a','2021-03-20 06:16:51.224000','f0fb353b-82ec-405d-a62a-1eeec0622e86','2021-03-20 06:36:54.144000','22b02727-d9c0-420a-97e8-f6dbd3434533')
COMMIT
DELETE FROM "mendixsystem$entityidentifier" WHERE "id"='0f5b6941-c681-4492-9882-1386efaea0b2'
INSERT INTO "mendixsystem$entityidentifier" VALUES('0f5b6941-c681-4492-9882-1386efaea0b2',37,301)
COMMIT
ALTER SEQUENCE PUBLIC."myfirstmodule$registration_number_mxseq" RESTART WITH 5
DELETE FROM "system$session" WHERE "id"=9007199254741893
INSERT INTO "system$session" VALUES(9007199254741893,NULL,'cacf8ba7-0edc-4e5a-8754-c81b84034f1a','2021-03-20 06:16:51.224000','f0fb353b-82ec-405d-a62a-1eeec0622e86','2021-03-20 06:38:15.900000','22b02727-d9c0-420a-97e8-f6dbd3434533')
COMMIT
/*C5*/DISCONNECT
/*C6*/DELETE FROM "system$session" WHERE "id"=9007199254741893
INSERT INTO "system$session" VALUES(9007199254741893,NULL,'cacf8ba7-0edc-4e5a-8754-c81b84034f1a','2021-03-20 06:16:51.224000','f0fb353b-82ec-405d-a62a-1eeec0622e86','2021-03-20 06:39:05.197000','22b02727-d9c0-420a-97e8-f6dbd3434533')
COMMIT
DELETE FROM "system$xasinstance" WHERE "id"=844424930132969
INSERT INTO "system$xasinstance" VALUES(844424930132969,'82427760-fe2c-4c35-8a07-855773a91e34','2021-03-20 06:15:15.630000','2021-03-20 06:40:20.084000',NULL,NULL,NULL)
COMMIT
/*C7*/SET SCHEMA PUBLIC
DELETE FROM "system$session" WHERE "id"=9007199254741893
DELETE FROM "system$session_user" WHERE "system$sessionid"=9007199254741893 AND "system$userid"=281474976711158
COMMIT
/*C8*/SET SCHEMA PUBLIC
DELETE FROM "system$user" WHERE "id"=5348024557502465
INSERT INTO "system$user" VALUES(5348024557502465,'2021-03-12 12:20:51.722000',TRUE,'2021-03-12 12:20:51.722000','2021-03-20 06:41:03.641000',FALSE,FALSE,0,FALSE,'demo_administrator','{BCrypt}$2a$10$t65MOojaW4VHpJOASRKZ.ekUUvvTbPA3W99h0K4wwqTyU2twMKYaO','Administration.Account',NULL,5348024557502465)
COMMIT
INSERT INTO "system$session" VALUES(9007199254741894,NULL,'f3d21cd6-6a05-4503-ab3a-e4169ce2e65b','2021-03-20 06:41:03.660000','78ca31df-caa6-4837-8ac8-b23403a68b87','2021-03-20 06:41:03.661000','090eae65-85ee-458d-9bdd-d60722c5ce6e')
INSERT INTO "system$session_user" VALUES(9007199254741894,5348024557502465)
COMMIT
/*C6*/DELETE FROM "system$session" WHERE "id"=9007199254741894
INSERT INTO "system$session" VALUES(9007199254741894,NULL,'f3d21cd6-6a05-4503-ab3a-e4169ce2e65b','2021-03-20 06:41:03.660000','78ca31df-caa6-4837-8ac8-b23403a68b87','2021-03-20 06:41:54.544000','090eae65-85ee-458d-9bdd-d60722c5ce6e')
COMMIT
DELETE FROM "system$session" WHERE "id"=9007199254741894
DELETE FROM "system$session_user" WHERE "system$sessionid"=9007199254741894 AND "system$userid"=5348024557502465
COMMIT
/*C7*/DELETE FROM "system$user" WHERE "id"=5348024557502466
INSERT INTO "system$user" VALUES(5348024557502466,'2021-03-12 12:20:52.023000',TRUE,'2021-03-12 12:20:52.023000','2021-03-20 06:43:14.735000',FALSE,FALSE,0,FALSE,'demo_Teacher','{BCrypt}$2a$10$e8JtPRgqjTOcdVB4chfLjOW9K5rQ3u8z7./HHSMi2ok0poAwsjm.i','Administration.Account',NULL,5348024557502466)
COMMIT
/*C6*/INSERT INTO "system$session" VALUES(9007199254741895,NULL,'821b52ec-0a6c-4f8d-a4e2-8ba1cdb6cd72','2021-03-20 06:43:14.759000','a2c1f964-9112-469d-98b6-3aaab22e3f48','2021-03-20 06:43:14.759000','b6f4d957-dc92-4936-83c1-f29c81277aee')
INSERT INTO "system$session_user" VALUES(9007199254741895,5348024557502466)
COMMIT
/*C7*/DELETE FROM "system$session" WHERE "id"=9007199254741895
INSERT INTO "system$session" VALUES(9007199254741895,NULL,'821b52ec-0a6c-4f8d-a4e2-8ba1cdb6cd72','2021-03-20 06:43:14.759000','a2c1f964-9112-469d-98b6-3aaab22e3f48','2021-03-20 06:43:18.966000','b6f4d957-dc92-4936-83c1-f29c81277aee')
COMMIT
/*C6*/DELETE FROM "system$session" WHERE "id"=9007199254741895
DELETE FROM "system$session_user" WHERE "system$sessionid"=9007199254741895 AND "system$userid"=5348024557502466
COMMIT
/*C7*/DELETE FROM "system$user" WHERE "id"=281474976711157
INSERT INTO "system$user" VALUES(281474976711157,'2021-03-12 12:20:52.213000',TRUE,'2021-03-12 12:20:52.213000','2021-03-20 06:44:57.186000',FALSE,FALSE,0,FALSE,'demo_trainee','{BCrypt}$2a$10$onhBGL3Vnfr7bA74b8fQx.cKZiaisWE9LJjdh4FrFhsV6s8cbUDT2','System.User',NULL,281474976711157)
COMMIT
/*C6*/INSERT INTO "system$session" VALUES(9007199254741896,NULL,'a3e570aa-a2c2-49c8-8bad-a0e1e6a65233','2021-03-20 06:44:57.201000','68adcc51-80cb-4a46-a081-54b95132c1b4','2021-03-20 06:44:57.201000','59a66d9a-8931-489c-8d61-26b2d57f62f2')
INSERT INTO "system$session_user" VALUES(9007199254741896,281474976711157)
COMMIT
/*C11*/SET SCHEMA PUBLIC
DELETE FROM "system$session" WHERE "id"=9007199254741896
INSERT INTO "system$session" VALUES(9007199254741896,NULL,'a3e570aa-a2c2-49c8-8bad-a0e1e6a65233','2021-03-20 06:44:57.201000','68adcc51-80cb-4a46-a081-54b95132c1b4','2021-03-20 06:45:07.832000','59a66d9a-8931-489c-8d61-26b2d57f62f2')
COMMIT
DELETE FROM "system$xasinstance" WHERE "id"=844424930132969
INSERT INTO "system$xasinstance" VALUES(844424930132969,'82427760-fe2c-4c35-8a07-855773a91e34','2021-03-20 06:15:15.630000','2021-03-20 06:45:20.098000',NULL,NULL,NULL)
COMMIT
/*C9*/SET SCHEMA PUBLIC
DELETE FROM "system$session" WHERE "id"=9007199254741896
DELETE FROM "system$session_user" WHERE "system$sessionid"=9007199254741896 AND "system$userid"=281474976711157
COMMIT
/*C8*/DELETE FROM "system$user" WHERE "id"=5348024557502466
INSERT INTO "system$user" VALUES(5348024557502466,'2021-03-12 12:20:52.023000',TRUE,'2021-03-12 12:20:52.023000','2021-03-20 06:46:40.129000',FALSE,FALSE,0,FALSE,'demo_Teacher','{BCrypt}$2a$10$e8JtPRgqjTOcdVB4chfLjOW9K5rQ3u8z7./HHSMi2ok0poAwsjm.i','Administration.Account',NULL,5348024557502466)
COMMIT
/*C9*/INSERT INTO "system$session" VALUES(9007199254741897,NULL,'d9951de8-059c-4646-8bf7-ec84b5eebb98','2021-03-20 06:46:40.149000','d133693e-17f8-409c-a2b6-a9ae992bdcef','2021-03-20 06:46:40.149000','840a9e17-20bb-47cb-858e-5bba4f08977c')
INSERT INTO "system$session_user" VALUES(9007199254741897,5348024557502466)
COMMIT
DELETE FROM "system$session" WHERE "id"=9007199254741897
INSERT INTO "system$session" VALUES(9007199254741897,NULL,'d9951de8-059c-4646-8bf7-ec84b5eebb98','2021-03-20 06:46:40.149000','d133693e-17f8-409c-a2b6-a9ae992bdcef','2021-03-20 06:46:50.888000','840a9e17-20bb-47cb-858e-5bba4f08977c')
COMMIT
/*C8*/DELETE FROM "system$session" WHERE "id"=9007199254741897
INSERT INTO "system$session" VALUES(9007199254741897,NULL,'d9951de8-059c-4646-8bf7-ec84b5eebb98','2021-03-20 06:46:40.149000','d133693e-17f8-409c-a2b6-a9ae992bdcef','2021-03-20 06:48:32.482000','840a9e17-20bb-47cb-858e-5bba4f08977c')
COMMIT
/*C6*/DELETE FROM "system$session" WHERE "id"=9007199254741897
INSERT INTO "system$session" VALUES(9007199254741897,NULL,'d9951de8-059c-4646-8bf7-ec84b5eebb98','2021-03-20 06:46:40.149000','d133693e-17f8-409c-a2b6-a9ae992bdcef','2021-03-20 06:48:55.964000','840a9e17-20bb-47cb-858e-5bba4f08977c')
COMMIT
DELETE FROM "system$xasinstance" WHERE "id"=844424930132969
INSERT INTO "system$xasinstance" VALUES(844424930132969,'82427760-fe2c-4c35-8a07-855773a91e34','2021-03-20 06:15:15.630000','2021-03-20 06:50:20.116000',NULL,NULL,NULL)
COMMIT
DELETE FROM "system$session" WHERE "id"=9007199254741897
INSERT INTO "system$session" VALUES(9007199254741897,NULL,'d9951de8-059c-4646-8bf7-ec84b5eebb98','2021-03-20 06:46:40.149000','d133693e-17f8-409c-a2b6-a9ae992bdcef','2021-03-20 06:51:41.606000','840a9e17-20bb-47cb-858e-5bba4f08977c')
COMMIT
/*C7*/DISCONNECT
/*C11*/DISCONNECT
/*C6*/DELETE FROM "system$xasinstance" WHERE "id"=844424930132969
INSERT INTO "system$xasinstance" VALUES(844424930132969,'82427760-fe2c-4c35-8a07-855773a91e34','2021-03-20 06:15:15.630000','2021-03-20 06:55:20.130000',NULL,NULL,NULL)
COMMIT
DELETE FROM "system$session" WHERE "id"=9007199254741897
INSERT INTO "system$session" VALUES(9007199254741897,NULL,'d9951de8-059c-4646-8bf7-ec84b5eebb98','2021-03-20 06:46:40.149000','d133693e-17f8-409c-a2b6-a9ae992bdcef','2021-03-20 06:56:42.092000','840a9e17-20bb-47cb-858e-5bba4f08977c')
COMMIT
/*C8*/DISCONNECT
/*C10*/SET SCHEMA PUBLIC
DISCONNECT
/*C6*/DELETE FROM "system$xasinstance" WHERE "id"=844424930132969
INSERT INTO "system$xasinstance" VALUES(844424930132969,'82427760-fe2c-4c35-8a07-855773a91e34','2021-03-20 06:15:15.630000','2021-03-20 07:00:20.148000',NULL,NULL,NULL)
COMMIT
/*C9*/DELETE FROM "system$session" WHERE "id"=9007199254741897
INSERT INTO "system$session" VALUES(9007199254741897,NULL,'d9951de8-059c-4646-8bf7-ec84b5eebb98','2021-03-20 06:46:40.149000','d133693e-17f8-409c-a2b6-a9ae992bdcef','2021-03-20 07:01:43.703000','840a9e17-20bb-47cb-858e-5bba4f08977c')
COMMIT
DELETE FROM "system$xasinstance" WHERE "id"=844424930132969
INSERT INTO "system$xasinstance" VALUES(844424930132969,'82427760-fe2c-4c35-8a07-855773a91e34','2021-03-20 06:15:15.630000','2021-03-20 07:05:20.209000',NULL,NULL,NULL)
COMMIT
DELETE FROM "system$session" WHERE "id"=9007199254741897
INSERT INTO "system$session" VALUES(9007199254741897,NULL,'d9951de8-059c-4646-8bf7-ec84b5eebb98','2021-03-20 06:46:40.149000','d133693e-17f8-409c-a2b6-a9ae992bdcef','2021-03-20 07:06:42.294000','840a9e17-20bb-47cb-858e-5bba4f08977c')
COMMIT
/*C6*/DISCONNECT
/*C9*/DELETE FROM "system$xasinstance" WHERE "id"=844424930132969
INSERT INTO "system$xasinstance" VALUES(844424930132969,'82427760-fe2c-4c35-8a07-855773a91e34','2021-03-20 06:15:15.630000','2021-03-20 07:10:22.252000',NULL,NULL,NULL)
COMMIT
/*C12*/SET SCHEMA PUBLIC
DELETE FROM "system$session" WHERE "id"=9007199254741897
INSERT INTO "system$session" VALUES(9007199254741897,NULL,'d9951de8-059c-4646-8bf7-ec84b5eebb98','2021-03-20 06:46:40.149000','d133693e-17f8-409c-a2b6-a9ae992bdcef','2021-03-20 07:11:43.095000','840a9e17-20bb-47cb-858e-5bba4f08977c')
COMMIT
DELETE FROM "system$xasinstance" WHERE "id"=844424930132969
INSERT INTO "system$xasinstance" VALUES(844424930132969,'82427760-fe2c-4c35-8a07-855773a91e34','2021-03-20 06:15:15.630000','2021-03-20 07:15:22.269000',NULL,NULL,NULL)
COMMIT
DELETE FROM "system$session" WHERE "id"=9007199254741897
INSERT INTO "system$session" VALUES(9007199254741897,NULL,'d9951de8-059c-4646-8bf7-ec84b5eebb98','2021-03-20 06:46:40.149000','d133693e-17f8-409c-a2b6-a9ae992bdcef','2021-03-20 07:16:43.199000','840a9e17-20bb-47cb-858e-5bba4f08977c')
COMMIT
/*C9*/DISCONNECT
/*C12*/DELETE FROM "system$xasinstance" WHERE "id"=844424930132969
INSERT INTO "system$xasinstance" VALUES(844424930132969,'82427760-fe2c-4c35-8a07-855773a91e34','2021-03-20 06:15:15.630000','2021-03-20 07:20:22.286000',NULL,NULL,NULL)
COMMIT
DELETE FROM "system$session" WHERE "id"=9007199254741897
INSERT INTO "system$session" VALUES(9007199254741897,NULL,'d9951de8-059c-4646-8bf7-ec84b5eebb98','2021-03-20 06:46:40.149000','d133693e-17f8-409c-a2b6-a9ae992bdcef','2021-03-20 07:21:43.093000','840a9e17-20bb-47cb-858e-5bba4f08977c')
COMMIT
/*C13*/SET SCHEMA PUBLIC
DISCONNECT
/*C12*/DELETE FROM "system$xasinstance" WHERE "id"=844424930132969
INSERT INTO "system$xasinstance" VALUES(844424930132969,'82427760-fe2c-4c35-8a07-855773a91e34','2021-03-20 06:15:15.630000','2021-03-20 07:25:22.303000',NULL,NULL,NULL)
COMMIT
DELETE FROM "system$session" WHERE "id"=9007199254741897
INSERT INTO "system$session" VALUES(9007199254741897,NULL,'d9951de8-059c-4646-8bf7-ec84b5eebb98','2021-03-20 06:46:40.149000','d133693e-17f8-409c-a2b6-a9ae992bdcef','2021-03-20 07:26:42.154000','840a9e17-20bb-47cb-858e-5bba4f08977c')
COMMIT
DELETE FROM "system$xasinstance" WHERE "id"=844424930132969
INSERT INTO "system$xasinstance" VALUES(844424930132969,'82427760-fe2c-4c35-8a07-855773a91e34','2021-03-20 06:15:15.630000','2021-03-20 07:30:22.316000',NULL,NULL,NULL)
COMMIT
DELETE FROM "system$session" WHERE "id"=9007199254741897
INSERT INTO "system$session" VALUES(9007199254741897,NULL,'d9951de8-059c-4646-8bf7-ec84b5eebb98','2021-03-20 06:46:40.149000','d133693e-17f8-409c-a2b6-a9ae992bdcef','2021-03-20 07:31:43.095000','840a9e17-20bb-47cb-858e-5bba4f08977c')
COMMIT
DELETE FROM "system$xasinstance" WHERE "id"=844424930132969
INSERT INTO "system$xasinstance" VALUES(844424930132969,'82427760-fe2c-4c35-8a07-855773a91e34','2021-03-20 06:15:15.630000','2021-03-20 07:35:22.333000',NULL,NULL,NULL)
COMMIT
DELETE FROM "system$session" WHERE "id"=9007199254741897
INSERT INTO "system$session" VALUES(9007199254741897,NULL,'d9951de8-059c-4646-8bf7-ec84b5eebb98','2021-03-20 06:46:40.149000','d133693e-17f8-409c-a2b6-a9ae992bdcef','2021-03-20 07:36:43.102000','840a9e17-20bb-47cb-858e-5bba4f08977c')
COMMIT
DELETE FROM "system$xasinstance" WHERE "id"=844424930132969
INSERT INTO "system$xasinstance" VALUES(844424930132969,'82427760-fe2c-4c35-8a07-855773a91e34','2021-03-20 06:15:15.630000','2021-03-20 07:40:22.343000',NULL,NULL,NULL)
COMMIT
DELETE FROM "system$session" WHERE "id"=9007199254741897
INSERT INTO "system$session" VALUES(9007199254741897,NULL,'d9951de8-059c-4646-8bf7-ec84b5eebb98','2021-03-20 06:46:40.149000','d133693e-17f8-409c-a2b6-a9ae992bdcef','2021-03-20 07:41:43.462000','840a9e17-20bb-47cb-858e-5bba4f08977c')
COMMIT
DELETE FROM "system$xasinstance" WHERE "id"=844424930132969
INSERT INTO "system$xasinstance" VALUES(844424930132969,'82427760-fe2c-4c35-8a07-855773a91e34','2021-03-20 06:15:15.630000','2021-03-20 07:45:22.365000',NULL,NULL,NULL)
COMMIT
DELETE FROM "system$session" WHERE "id"=9007199254741897
INSERT INTO "system$session" VALUES(9007199254741897,NULL,'d9951de8-059c-4646-8bf7-ec84b5eebb98','2021-03-20 06:46:40.149000','d133693e-17f8-409c-a2b6-a9ae992bdcef','2021-03-20 07:46:43.108000','840a9e17-20bb-47cb-858e-5bba4f08977c')
COMMIT
DELETE FROM "system$xasinstance" WHERE "id"=844424930132969
INSERT INTO "system$xasinstance" VALUES(844424930132969,'82427760-fe2c-4c35-8a07-855773a91e34','2021-03-20 06:15:15.630000','2021-03-20 07:50:22.374000',NULL,NULL,NULL)
COMMIT
DELETE FROM "system$session" WHERE "id"=9007199254741897
INSERT INTO "system$session" VALUES(9007199254741897,NULL,'d9951de8-059c-4646-8bf7-ec84b5eebb98','2021-03-20 06:46:40.149000','d133693e-17f8-409c-a2b6-a9ae992bdcef','2021-03-20 07:51:43.103000','840a9e17-20bb-47cb-858e-5bba4f08977c')
COMMIT
DELETE FROM "system$xasinstance" WHERE "id"=844424930132969
INSERT INTO "system$xasinstance" VALUES(844424930132969,'82427760-fe2c-4c35-8a07-855773a91e34','2021-03-20 06:15:15.630000','2021-03-20 07:55:22.385000',NULL,NULL,NULL)
COMMIT
DELETE FROM "system$session" WHERE "id"=9007199254741897
INSERT INTO "system$session" VALUES(9007199254741897,NULL,'d9951de8-059c-4646-8bf7-ec84b5eebb98','2021-03-20 06:46:40.149000','d133693e-17f8-409c-a2b6-a9ae992bdcef','2021-03-20 07:56:43.087000','840a9e17-20bb-47cb-858e-5bba4f08977c')
COMMIT
DELETE FROM "system$xasinstance" WHERE "id"=844424930132969
INSERT INTO "system$xasinstance" VALUES(844424930132969,'82427760-fe2c-4c35-8a07-855773a91e34','2021-03-20 06:15:15.630000','2021-03-20 08:00:22.541000',NULL,NULL,NULL)
COMMIT
DELETE FROM "system$session" WHERE "id"=9007199254741897
INSERT INTO "system$session" VALUES(9007199254741897,NULL,'d9951de8-059c-4646-8bf7-ec84b5eebb98','2021-03-20 06:46:40.149000','d133693e-17f8-409c-a2b6-a9ae992bdcef','2021-03-20 08:01:43.120000','840a9e17-20bb-47cb-858e-5bba4f08977c')
COMMIT
DELETE FROM "system$xasinstance" WHERE "id"=844424930132969
INSERT INTO "system$xasinstance" VALUES(844424930132969,'82427760-fe2c-4c35-8a07-855773a91e34','2021-03-20 06:15:15.630000','2021-03-20 08:05:22.554000',NULL,NULL,NULL)
COMMIT
DELETE FROM "system$session" WHERE "id"=9007199254741897
INSERT INTO "system$session" VALUES(9007199254741897,NULL,'d9951de8-059c-4646-8bf7-ec84b5eebb98','2021-03-20 06:46:40.149000','d133693e-17f8-409c-a2b6-a9ae992bdcef','2021-03-20 08:06:43.104000','840a9e17-20bb-47cb-858e-5bba4f08977c')
COMMIT
DELETE FROM "system$xasinstance" WHERE "id"=844424930132969
INSERT INTO "system$xasinstance" VALUES(844424930132969,'82427760-fe2c-4c35-8a07-855773a91e34','2021-03-20 06:15:15.630000','2021-03-20 08:10:22.569000',NULL,NULL,NULL)
COMMIT
DELETE FROM "system$session" WHERE "id"=9007199254741897
INSERT INTO "system$session" VALUES(9007199254741897,NULL,'d9951de8-059c-4646-8bf7-ec84b5eebb98','2021-03-20 06:46:40.149000','d133693e-17f8-409c-a2b6-a9ae992bdcef','2021-03-20 08:11:43.660000','840a9e17-20bb-47cb-858e-5bba4f08977c')
COMMIT
DELETE FROM "system$xasinstance" WHERE "id"=844424930132969
INSERT INTO "system$xasinstance" VALUES(844424930132969,'82427760-fe2c-4c35-8a07-855773a91e34','2021-03-20 06:15:15.630000','2021-03-20 08:15:22.581000',NULL,NULL,NULL)
COMMIT
DELETE FROM "system$session" WHERE "id"=9007199254741897
INSERT INTO "system$session" VALUES(9007199254741897,NULL,'d9951de8-059c-4646-8bf7-ec84b5eebb98','2021-03-20 06:46:40.149000','d133693e-17f8-409c-a2b6-a9ae992bdcef','2021-03-20 08:16:43.867000','840a9e17-20bb-47cb-858e-5bba4f08977c')
COMMIT
DELETE FROM "system$xasinstance" WHERE "id"=844424930132969
INSERT INTO "system$xasinstance" VALUES(844424930132969,'82427760-fe2c-4c35-8a07-855773a91e34','2021-03-20 06:15:15.630000','2021-03-20 08:20:22.782000',NULL,NULL,NULL)
COMMIT
DELETE FROM "system$session" WHERE "id"=9007199254741897
INSERT INTO "system$session" VALUES(9007199254741897,NULL,'d9951de8-059c-4646-8bf7-ec84b5eebb98','2021-03-20 06:46:40.149000','d133693e-17f8-409c-a2b6-a9ae992bdcef','2021-03-20 08:21:43.194000','840a9e17-20bb-47cb-858e-5bba4f08977c')
COMMIT
DELETE FROM "system$xasinstance" WHERE "id"=844424930132969
INSERT INTO "system$xasinstance" VALUES(844424930132969,'82427760-fe2c-4c35-8a07-855773a91e34','2021-03-20 06:15:15.630000','2021-03-20 08:25:22.970000',NULL,NULL,NULL)
COMMIT
DELETE FROM "system$session" WHERE "id"=9007199254741897
INSERT INTO "system$session" VALUES(9007199254741897,NULL,'d9951de8-059c-4646-8bf7-ec84b5eebb98','2021-03-20 06:46:40.149000','d133693e-17f8-409c-a2b6-a9ae992bdcef','2021-03-20 08:26:43.221000','840a9e17-20bb-47cb-858e-5bba4f08977c')
COMMIT
DELETE FROM "system$xasinstance" WHERE "id"=844424930132969
INSERT INTO "system$xasinstance" VALUES(844424930132969,'82427760-fe2c-4c35-8a07-855773a91e34','2021-03-20 06:15:15.630000','2021-03-20 08:30:22.992000',NULL,NULL,NULL)
COMMIT
DELETE FROM "system$session" WHERE "id"=9007199254741897
INSERT INTO "system$session" VALUES(9007199254741897,NULL,'d9951de8-059c-4646-8bf7-ec84b5eebb98','2021-03-20 06:46:40.149000','d133693e-17f8-409c-a2b6-a9ae992bdcef','2021-03-20 08:31:43.217000','840a9e17-20bb-47cb-858e-5bba4f08977c')
COMMIT
DELETE FROM "system$xasinstance" WHERE "id"=844424930132969
INSERT INTO "system$xasinstance" VALUES(844424930132969,'82427760-fe2c-4c35-8a07-855773a91e34','2021-03-20 06:15:15.630000','2021-03-20 08:35:23.015000',NULL,NULL,NULL)
COMMIT
DELETE FROM "system$session" WHERE "id"=9007199254741897
INSERT INTO "system$session" VALUES(9007199254741897,NULL,'d9951de8-059c-4646-8bf7-ec84b5eebb98','2021-03-20 06:46:40.149000','d133693e-17f8-409c-a2b6-a9ae992bdcef','2021-03-20 08:36:43.406000','840a9e17-20bb-47cb-858e-5bba4f08977c')
COMMIT
DELETE FROM "system$xasinstance" WHERE "id"=844424930132969
INSERT INTO "system$xasinstance" VALUES(844424930132969,'82427760-fe2c-4c35-8a07-855773a91e34','2021-03-20 06:15:15.630000','2021-03-20 08:40:23.038000',NULL,NULL,NULL)
COMMIT
DELETE FROM "system$session" WHERE "id"=9007199254741897
INSERT INTO "system$session" VALUES(9007199254741897,NULL,'d9951de8-059c-4646-8bf7-ec84b5eebb98','2021-03-20 06:46:40.149000','d133693e-17f8-409c-a2b6-a9ae992bdcef','2021-03-20 08:41:43.321000','840a9e17-20bb-47cb-858e-5bba4f08977c')
COMMIT
DELETE FROM "system$xasinstance" WHERE "id"=844424930132969
INSERT INTO "system$xasinstance" VALUES(844424930132969,'82427760-fe2c-4c35-8a07-855773a91e34','2021-03-20 06:15:15.630000','2021-03-20 08:45:23.066000',NULL,NULL,NULL)
COMMIT
DELETE FROM "system$session" WHERE "id"=9007199254741897
INSERT INTO "system$session" VALUES(9007199254741897,NULL,'d9951de8-059c-4646-8bf7-ec84b5eebb98','2021-03-20 06:46:40.149000','d133693e-17f8-409c-a2b6-a9ae992bdcef','2021-03-20 08:46:43.299000','840a9e17-20bb-47cb-858e-5bba4f08977c')
COMMIT
DELETE FROM "system$xasinstance" WHERE "id"=844424930132969
INSERT INTO "system$xasinstance" VALUES(844424930132969,'82427760-fe2c-4c35-8a07-855773a91e34','2021-03-20 06:15:15.630000','2021-03-20 08:50:23.099000',NULL,NULL,NULL)
COMMIT
DELETE FROM "system$session" WHERE "id"=9007199254741897
DELETE FROM "system$session_user" WHERE "system$sessionid"=9007199254741897 AND "system$userid"=5348024557502466
COMMIT
/*C14*/SET SCHEMA PUBLIC
DELETE FROM "system$user" WHERE "id"=5348024557502465
INSERT INTO "system$user" VALUES(5348024557502465,'2021-03-12 12:20:51.722000',TRUE,'2021-03-12 12:20:51.722000','2021-03-20 08:50:36.018000',FALSE,FALSE,0,FALSE,'demo_administrator','{BCrypt}$2a$10$t65MOojaW4VHpJOASRKZ.ekUUvvTbPA3W99h0K4wwqTyU2twMKYaO','Administration.Account',NULL,5348024557502465)
COMMIT
/*C15*/SET SCHEMA PUBLIC
INSERT INTO "system$session" VALUES(9007199254741898,NULL,'72894c73-a204-4124-912e-971b60da6580','2021-03-20 08:50:36.096000','e064376e-1771-40e3-bdc7-15b13fce3254','2021-03-20 08:50:36.096000','d84a39ed-cc30-4907-b053-d2fae47f6ef6')
INSERT INTO "system$session_user" VALUES(9007199254741898,5348024557502465)
COMMIT
DELETE FROM "system$session" WHERE "id"=9007199254741898
INSERT INTO "system$session" VALUES(9007199254741898,NULL,'72894c73-a204-4124-912e-971b60da6580','2021-03-20 08:50:36.096000','e064376e-1771-40e3-bdc7-15b13fce3254','2021-03-20 08:51:10.140000','d84a39ed-cc30-4907-b053-d2fae47f6ef6')
COMMIT
/*C16*/SET SCHEMA PUBLIC
DELETE FROM "system$session" WHERE "id"=9007199254741898
INSERT INTO "system$session" VALUES(9007199254741898,NULL,'72894c73-a204-4124-912e-971b60da6580','2021-03-20 08:50:36.096000','e064376e-1771-40e3-bdc7-15b13fce3254','2021-03-20 08:52:59.698000','d84a39ed-cc30-4907-b053-d2fae47f6ef6')
COMMIT
DELETE FROM "system$xasinstance" WHERE "id"=844424930132969
INSERT INTO "system$xasinstance" VALUES(844424930132969,'82427760-fe2c-4c35-8a07-855773a91e34','2021-03-20 06:15:15.630000','2021-03-20 08:55:23.111000',NULL,NULL,NULL)
COMMIT
DELETE FROM "system$session" WHERE "id"=9007199254741898
INSERT INTO "system$session" VALUES(9007199254741898,NULL,'72894c73-a204-4124-912e-971b60da6580','2021-03-20 08:50:36.096000','e064376e-1771-40e3-bdc7-15b13fce3254','2021-03-20 08:55:45.215000','d84a39ed-cc30-4907-b053-d2fae47f6ef6')
COMMIT
/*C14*/DISCONNECT
/*C16*/DELETE FROM "system$xasinstance" WHERE "id"=844424930132969
INSERT INTO "system$xasinstance" VALUES(844424930132969,'82427760-fe2c-4c35-8a07-855773a91e34','2021-03-20 06:15:15.630000','2021-03-20 09:00:23.129000',NULL,NULL,NULL)
COMMIT
DELETE FROM "system$session" WHERE "id"=9007199254741898
INSERT INTO "system$session" VALUES(9007199254741898,NULL,'72894c73-a204-4124-912e-971b60da6580','2021-03-20 08:50:36.096000','e064376e-1771-40e3-bdc7-15b13fce3254','2021-03-20 09:00:45.090000','d84a39ed-cc30-4907-b053-d2fae47f6ef6')
COMMIT
/*C15*/DISCONNECT
